0 info it worked if it ends with ok
1 verbose cli [ 'C:\\Program Files\\nodejs\\node.exe',
1 verbose cli   'C:\\Users\\k.huber\\AppData\\Roaming\\npm\\node_modules\\npm\\bin\\npm-cli.js',
1 verbose cli   'install',
1 verbose cli   'components/scriptcam-master',
1 verbose cli   '--save' ]
2 info using npm@3.4.1
3 info using node@v5.1.0
4 silly loadCurrentTree Starting
5 silly install loadCurrentTree
6 silly install readLocalPackageData
7 silly fetchPackageMetaData components/scriptcam-master
8 silly fetchOtherPackageData components/scriptcam-master
9 silly cache add args [ 'components/scriptcam-master', null ]
10 verbose cache add spec components/scriptcam-master
11 silly cache add parsed spec Result {
11 silly cache add   raw: 'components/scriptcam-master',
11 silly cache add   scope: null,
11 silly cache add   name: null,
11 silly cache add   rawSpec: 'components/scriptcam-master',
11 silly cache add   spec: 'github:components/scriptcam-master',
11 silly cache add   type: 'hosted',
11 silly cache add   hosted:
11 silly cache add    { type: 'github',
11 silly cache add      ssh: 'git@github.com:components/scriptcam-master.git',
11 silly cache add      sshUrl: 'git+ssh://git@github.com/components/scriptcam-master.git',
11 silly cache add      httpsUrl: 'git+https://github.com/components/scriptcam-master.git',
11 silly cache add      gitUrl: 'git://github.com/components/scriptcam-master.git',
11 silly cache add      shortcut: 'github:components/scriptcam-master',
11 silly cache add      directUrl: 'https://raw.githubusercontent.com/components/scriptcam-master/master/package.json' } }
12 verbose addRemoteGit caching components/scriptcam-master
13 verbose addRemoteGit components/scriptcam-master is a repository hosted by github
14 silly tryGitProto attempting to clone git://github.com/components/scriptcam-master.git
15 silly tryClone cloning components/scriptcam-master via git://github.com/components/scriptcam-master.git
16 verbose tryClone git-github-com-components-scriptcam-master-git-cfe13ecc564cc27a9ba616fa9e585ee3 not in flight; caching
17 info git [ 'config', '--get', 'remote.origin.url' ]
18 warn addRemoteGit Error: Command failed: git -c core.longpaths=true config --get remote.origin.url
18 warn addRemoteGit
18 warn addRemoteGit     at ChildProcess.exithandler (child_process.js:213:12)
18 warn addRemoteGit     at emitTwo (events.js:87:13)
18 warn addRemoteGit     at ChildProcess.emit (events.js:172:7)
18 warn addRemoteGit     at maybeClose (internal/child_process.js:818:16)
18 warn addRemoteGit     at Process.ChildProcess._handle.onexit (internal/child_process.js:211:5)
18 warn addRemoteGit  components/scriptcam-master resetting remote C:\Users\k.huber\AppData\Roaming\npm-cache\_git-remotes\git-github-com-components-scriptcam-master-git-cfe13ecc564cc27a9ba616fa9e585ee3 because of error: { [Error: Command failed: git -c core.longpaths=true config --get remote.origin.url
18 warn addRemoteGit ]
18 warn addRemoteGit   killed: false,
18 warn addRemoteGit   code: 1,
18 warn addRemoteGit   signal: null,
18 warn addRemoteGit   cmd: 'git -c core.longpaths=true config --get remote.origin.url' }
19 info resetRemote resetting C:\Users\k.huber\AppData\Roaming\npm-cache\_git-remotes\git-github-com-components-scriptcam-master-git-cfe13ecc564cc27a9ba616fa9e585ee3 for components/scriptcam-master
20 silly gentlyRm C:\Users\k.huber\AppData\Roaming\npm-cache\_git-remotes\git-github-com-components-scriptcam-master-git-cfe13ecc564cc27a9ba616fa9e585ee3 is being purged
21 verbose gentlyRm don't care about contents; nuking C:\Users\k.huber\AppData\Roaming\npm-cache\_git-remotes\git-github-com-components-scriptcam-master-git-cfe13ecc564cc27a9ba616fa9e585ee3
22 silly vacuum-fs purging C:\Users\k.huber\AppData\Roaming\npm-cache\_git-remotes\git-github-com-components-scriptcam-master-git-cfe13ecc564cc27a9ba616fa9e585ee3
23 silly vacuum-fs quitting because other entries in C:\Users\k.huber\AppData\Roaming\npm-cache\_git-remotes
24 info git [ 'clone',
24 info git   '--template=C:\\Users\\k.huber\\AppData\\Roaming\\npm-cache\\_git-remotes\\_templates',
24 info git   '--mirror',
24 info git   'git://github.com/components/scriptcam-master.git',
24 info git   'C:\\Users\\k.huber\\AppData\\Roaming\\npm-cache\\_git-remotes\\git-github-com-components-scriptcam-master-git-cfe13ecc564cc27a9ba616fa9e585ee3' ]
25 error git clone --template=C:\Users\k.huber\AppData\Roaming\npm-cache\_git-remotes\_templates --mirror git://github.com/components/scriptcam-master.git C:\Users\k.huber\AppData\Roaming\npm-cache\_git-remotes\git-github-com-components-scriptcam-master-git-cfe13ecc564cc27a9ba616fa9e585ee3: Cloning into bare repository 'C:\Users\k.huber\AppData\Roaming\npm-cache\_git-remotes\git-github-com-components-scriptcam-master-git-cfe13ecc564cc27a9ba616fa9e585ee3'...
25 error git clone --template=C:\Users\k.huber\AppData\Roaming\npm-cache\_git-remotes\_templates --mirror git://github.com/components/scriptcam-master.git C:\Users\k.huber\AppData\Roaming\npm-cache\_git-remotes\git-github-com-components-scriptcam-master-git-cfe13ecc564cc27a9ba616fa9e585ee3: fatal: remote error:
25 error git clone --template=C:\Users\k.huber\AppData\Roaming\npm-cache\_git-remotes\_templates --mirror git://github.com/components/scriptcam-master.git C:\Users\k.huber\AppData\Roaming\npm-cache\_git-remotes\git-github-com-components-scriptcam-master-git-cfe13ecc564cc27a9ba616fa9e585ee3:   Repository not found.
26 silly tryHTTPS attempting to clone git+https://github.com/components/scriptcam-master.git
27 silly tryClone cloning components/scriptcam-master via git+https://github.com/components/scriptcam-master.git
28 verbose tryClone git-https-github-com-components-scriptcam-master-git-0e3e29329237b43cfa0e787363401f87 not in flight; caching
29 info git [ 'config', '--get', 'remote.origin.url' ]
30 warn addRemoteGit Error: Command failed: git -c core.longpaths=true config --get remote.origin.url
30 warn addRemoteGit
30 warn addRemoteGit     at ChildProcess.exithandler (child_process.js:213:12)
30 warn addRemoteGit     at emitTwo (events.js:87:13)
30 warn addRemoteGit     at ChildProcess.emit (events.js:172:7)
30 warn addRemoteGit     at maybeClose (internal/child_process.js:818:16)
30 warn addRemoteGit     at Process.ChildProcess._handle.onexit (internal/child_process.js:211:5)
30 warn addRemoteGit  components/scriptcam-master resetting remote C:\Users\k.huber\AppData\Roaming\npm-cache\_git-remotes\git-https-github-com-components-scriptcam-master-git-0e3e29329237b43cfa0e787363401f87 because of error: { [Error: Command failed: git -c core.longpaths=true config --get remote.origin.url
30 warn addRemoteGit ]
30 warn addRemoteGit   killed: false,
30 warn addRemoteGit   code: 1,
30 warn addRemoteGit   signal: null,
30 warn addRemoteGit   cmd: 'git -c core.longpaths=true config --get remote.origin.url' }
31 info resetRemote resetting C:\Users\k.huber\AppData\Roaming\npm-cache\_git-remotes\git-https-github-com-components-scriptcam-master-git-0e3e29329237b43cfa0e787363401f87 for components/scriptcam-master
32 silly gentlyRm C:\Users\k.huber\AppData\Roaming\npm-cache\_git-remotes\git-https-github-com-components-scriptcam-master-git-0e3e29329237b43cfa0e787363401f87 is being purged
33 verbose gentlyRm don't care about contents; nuking C:\Users\k.huber\AppData\Roaming\npm-cache\_git-remotes\git-https-github-com-components-scriptcam-master-git-0e3e29329237b43cfa0e787363401f87
34 silly vacuum-fs purging C:\Users\k.huber\AppData\Roaming\npm-cache\_git-remotes\git-https-github-com-components-scriptcam-master-git-0e3e29329237b43cfa0e787363401f87
35 silly vacuum-fs quitting because other entries in C:\Users\k.huber\AppData\Roaming\npm-cache\_git-remotes
36 info git [ 'clone',
36 info git   '--template=C:\\Users\\k.huber\\AppData\\Roaming\\npm-cache\\_git-remotes\\_templates',
36 info git   '--mirror',
36 info git   'https://github.com/components/scriptcam-master.git',
36 info git   'C:\\Users\\k.huber\\AppData\\Roaming\\npm-cache\\_git-remotes\\git-https-github-com-components-scriptcam-master-git-0e3e29329237b43cfa0e787363401f87' ]
37 error git clone --template=C:\Users\k.huber\AppData\Roaming\npm-cache\_git-remotes\_templates --mirror https://github.com/components/scriptcam-master.git C:\Users\k.huber\AppData\Roaming\npm-cache\_git-remotes\git-https-github-com-components-scriptcam-master-git-0e3e29329237b43cfa0e787363401f87: Cloning into bare repository 'C:\Users\k.huber\AppData\Roaming\npm-cache\_git-remotes\git-https-github-com-components-scriptcam-master-git-0e3e29329237b43cfa0e787363401f87'...
37 error git clone --template=C:\Users\k.huber\AppData\Roaming\npm-cache\_git-remotes\_templates --mirror https://github.com/components/scriptcam-master.git C:\Users\k.huber\AppData\Roaming\npm-cache\_git-remotes\git-https-github-com-components-scriptcam-master-git-0e3e29329237b43cfa0e787363401f87: remote: Repository not found.
37 error git clone --template=C:\Users\k.huber\AppData\Roaming\npm-cache\_git-remotes\_templates --mirror https://github.com/components/scriptcam-master.git C:\Users\k.huber\AppData\Roaming\npm-cache\_git-remotes\git-https-github-com-components-scriptcam-master-git-0e3e29329237b43cfa0e787363401f87: fatal: repository 'https://github.com/components/scriptcam-master.git/' not found
38 silly trySSH attempting to clone git@github.com:components/scriptcam-master.git
39 silly tryClone cloning components/scriptcam-master via git@github.com:components/scriptcam-master.git
40 verbose tryClone git-github-com-components-scriptcam-master-git-56c9f66b77c9bbb927f7fa8c1f5b1909 not in flight; caching
41 info git [ 'config', '--get', 'remote.origin.url' ]
42 warn addRemoteGit Error: Command failed: git -c core.longpaths=true config --get remote.origin.url
42 warn addRemoteGit
42 warn addRemoteGit     at ChildProcess.exithandler (child_process.js:213:12)
42 warn addRemoteGit     at emitTwo (events.js:87:13)
42 warn addRemoteGit     at ChildProcess.emit (events.js:172:7)
42 warn addRemoteGit     at maybeClose (internal/child_process.js:818:16)
42 warn addRemoteGit     at Process.ChildProcess._handle.onexit (internal/child_process.js:211:5)
42 warn addRemoteGit  components/scriptcam-master resetting remote C:\Users\k.huber\AppData\Roaming\npm-cache\_git-remotes\git-github-com-components-scriptcam-master-git-56c9f66b77c9bbb927f7fa8c1f5b1909 because of error: { [Error: Command failed: git -c core.longpaths=true config --get remote.origin.url
42 warn addRemoteGit ]
42 warn addRemoteGit   killed: false,
42 warn addRemoteGit   code: 1,
42 warn addRemoteGit   signal: null,
42 warn addRemoteGit   cmd: 'git -c core.longpaths=true config --get remote.origin.url' }
43 info resetRemote resetting C:\Users\k.huber\AppData\Roaming\npm-cache\_git-remotes\git-github-com-components-scriptcam-master-git-56c9f66b77c9bbb927f7fa8c1f5b1909 for components/scriptcam-master
44 silly gentlyRm C:\Users\k.huber\AppData\Roaming\npm-cache\_git-remotes\git-github-com-components-scriptcam-master-git-56c9f66b77c9bbb927f7fa8c1f5b1909 is being purged
45 verbose gentlyRm don't care about contents; nuking C:\Users\k.huber\AppData\Roaming\npm-cache\_git-remotes\git-github-com-components-scriptcam-master-git-56c9f66b77c9bbb927f7fa8c1f5b1909
46 silly vacuum-fs purging C:\Users\k.huber\AppData\Roaming\npm-cache\_git-remotes\git-github-com-components-scriptcam-master-git-56c9f66b77c9bbb927f7fa8c1f5b1909
47 silly vacuum-fs quitting because other entries in C:\Users\k.huber\AppData\Roaming\npm-cache\_git-remotes
48 info git [ 'clone',
48 info git   '--template=C:\\Users\\k.huber\\AppData\\Roaming\\npm-cache\\_git-remotes\\_templates',
48 info git   '--mirror',
48 info git   'git@github.com:components/scriptcam-master.git',
48 info git   'C:\\Users\\k.huber\\AppData\\Roaming\\npm-cache\\_git-remotes\\git-github-com-components-scriptcam-master-git-56c9f66b77c9bbb927f7fa8c1f5b1909' ]
49 error git clone --template=C:\Users\k.huber\AppData\Roaming\npm-cache\_git-remotes\_templates --mirror git@github.com:components/scriptcam-master.git C:\Users\k.huber\AppData\Roaming\npm-cache\_git-remotes\git-github-com-components-scriptcam-master-git-56c9f66b77c9bbb927f7fa8c1f5b1909: Cloning into bare repository 'C:\Users\k.huber\AppData\Roaming\npm-cache\_git-remotes\git-github-com-components-scriptcam-master-git-56c9f66b77c9bbb927f7fa8c1f5b1909'...
49 error git clone --template=C:\Users\k.huber\AppData\Roaming\npm-cache\_git-remotes\_templates --mirror git@github.com:components/scriptcam-master.git C:\Users\k.huber\AppData\Roaming\npm-cache\_git-remotes\git-github-com-components-scriptcam-master-git-56c9f66b77c9bbb927f7fa8c1f5b1909: Host key verification failed.
49 error git clone --template=C:\Users\k.huber\AppData\Roaming\npm-cache\_git-remotes\_templates --mirror git@github.com:components/scriptcam-master.git C:\Users\k.huber\AppData\Roaming\npm-cache\_git-remotes\git-github-com-components-scriptcam-master-git-56c9f66b77c9bbb927f7fa8c1f5b1909: fatal: Could not read from remote repository.
49 error git clone --template=C:\Users\k.huber\AppData\Roaming\npm-cache\_git-remotes\_templates --mirror git@github.com:components/scriptcam-master.git C:\Users\k.huber\AppData\Roaming\npm-cache\_git-remotes\git-github-com-components-scriptcam-master-git-56c9f66b77c9bbb927f7fa8c1f5b1909:
49 error git clone --template=C:\Users\k.huber\AppData\Roaming\npm-cache\_git-remotes\_templates --mirror git@github.com:components/scriptcam-master.git C:\Users\k.huber\AppData\Roaming\npm-cache\_git-remotes\git-github-com-components-scriptcam-master-git-56c9f66b77c9bbb927f7fa8c1f5b1909: Please make sure you have the correct access rights
49 error git clone --template=C:\Users\k.huber\AppData\Roaming\npm-cache\_git-remotes\_templates --mirror git@github.com:components/scriptcam-master.git C:\Users\k.huber\AppData\Roaming\npm-cache\_git-remotes\git-github-com-components-scriptcam-master-git-56c9f66b77c9bbb927f7fa8c1f5b1909: and the repository exists.
50 silly fetchPackageMetaData Error: Command failed: git -c core.longpaths=true clone --template=C:\Users\k.huber\AppData\Roaming\npm-cache\_git-remotes\_templates --mirror git@github.com:components/scriptcam-master.git C:\Users\k.huber\AppData\Roaming\npm-cache\_git-remotes\git-github-com-components-scriptcam-master-git-56c9f66b77c9bbb927f7fa8c1f5b1909
50 silly fetchPackageMetaData Cloning into bare repository 'C:\Users\k.huber\AppData\Roaming\npm-cache\_git-remotes\git-github-com-components-scriptcam-master-git-56c9f66b77c9bbb927f7fa8c1f5b1909'...
50 silly fetchPackageMetaData Host key verification failed.
50 silly fetchPackageMetaData fatal: Could not read from remote repository.
50 silly fetchPackageMetaData
50 silly fetchPackageMetaData Please make sure you have the correct access rights
50 silly fetchPackageMetaData and the repository exists.
50 silly fetchPackageMetaData
50 silly fetchPackageMetaData     at ChildProcess.exithandler (child_process.js:213:12)
50 silly fetchPackageMetaData     at emitTwo (events.js:87:13)
50 silly fetchPackageMetaData     at ChildProcess.emit (events.js:172:7)
50 silly fetchPackageMetaData     at maybeClose (internal/child_process.js:818:16)
50 silly fetchPackageMetaData     at Process.ChildProcess._handle.onexit (internal/child_process.js:211:5)
50 silly fetchPackageMetaData  error for components/scriptcam-master { [Error: Command failed: git -c core.longpaths=true clone --template=C:\Users\k.huber\AppData\Roaming\npm-cache\_git-remotes\_templates --mirror git@github.com:components/scriptcam-master.git C:\Users\k.huber\AppData\Roaming\npm-cache\_git-remotes\git-github-com-components-scriptcam-master-git-56c9f66b77c9bbb927f7fa8c1f5b1909
50 silly fetchPackageMetaData Cloning into bare repository 'C:\Users\k.huber\AppData\Roaming\npm-cache\_git-remotes\git-github-com-components-scriptcam-master-git-56c9f66b77c9bbb927f7fa8c1f5b1909'...
50 silly fetchPackageMetaData Host key verification failed.
50 silly fetchPackageMetaData fatal: Could not read from remote repository.
50 silly fetchPackageMetaData
50 silly fetchPackageMetaData Please make sure you have the correct access rights
50 silly fetchPackageMetaData and the repository exists.
50 silly fetchPackageMetaData ]
50 silly fetchPackageMetaData   killed: false,
50 silly fetchPackageMetaData   code: 128,
50 silly fetchPackageMetaData   signal: null,
50 silly fetchPackageMetaData   cmd: 'git -c core.longpaths=true clone --template=C:\\Users\\k.huber\\AppData\\Roaming\\npm-cache\\_git-remotes\\_templates --mirror git@github.com:components/scriptcam-master.git C:\\Users\\k.huber\\AppData\\Roaming\\npm-cache\\_git-remotes\\git-github-com-components-scriptcam-master-git-56c9f66b77c9bbb927f7fa8c1f5b1909' }
51 silly rollbackFailedOptional Starting
52 silly rollbackFailedOptional Finishing
53 silly runTopLevelLifecycles Starting
54 silly runTopLevelLifecycles Finishing
55 silly install printInstalled
56 verbose stack Error: Command failed: git -c core.longpaths=true clone --template=C:\Users\k.huber\AppData\Roaming\npm-cache\_git-remotes\_templates --mirror git@github.com:components/scriptcam-master.git C:\Users\k.huber\AppData\Roaming\npm-cache\_git-remotes\git-github-com-components-scriptcam-master-git-56c9f66b77c9bbb927f7fa8c1f5b1909
56 verbose stack Cloning into bare repository 'C:\Users\k.huber\AppData\Roaming\npm-cache\_git-remotes\git-github-com-components-scriptcam-master-git-56c9f66b77c9bbb927f7fa8c1f5b1909'...
56 verbose stack Host key verification failed.
56 verbose stack fatal: Could not read from remote repository.
56 verbose stack
56 verbose stack Please make sure you have the correct access rights
56 verbose stack and the repository exists.
56 verbose stack
56 verbose stack     at ChildProcess.exithandler (child_process.js:213:12)
56 verbose stack     at emitTwo (events.js:87:13)
56 verbose stack     at ChildProcess.emit (events.js:172:7)
56 verbose stack     at maybeClose (internal/child_process.js:818:16)
56 verbose stack     at Process.ChildProcess._handle.onexit (internal/child_process.js:211:5)
57 verbose cwd C:\GitRepository\participants-management-client
58 error Windows_NT 10.0.10586
59 error argv "C:\\Program Files\\nodejs\\node.exe" "C:\\Users\\k.huber\\AppData\\Roaming\\npm\\node_modules\\npm\\bin\\npm-cli.js" "install" "components/scriptcam-master" "--save"
60 error node v5.1.0
61 error npm  v3.4.1
62 error code 128
63 error Command failed: git -c core.longpaths=true clone --template=C:\Users\k.huber\AppData\Roaming\npm-cache\_git-remotes\_templates --mirror git@github.com:components/scriptcam-master.git C:\Users\k.huber\AppData\Roaming\npm-cache\_git-remotes\git-github-com-components-scriptcam-master-git-56c9f66b77c9bbb927f7fa8c1f5b1909
63 error Cloning into bare repository 'C:\Users\k.huber\AppData\Roaming\npm-cache\_git-remotes\git-github-com-components-scriptcam-master-git-56c9f66b77c9bbb927f7fa8c1f5b1909'...
63 error Host key verification failed.
63 error fatal: Could not read from remote repository.
63 error
63 error Please make sure you have the correct access rights
63 error and the repository exists.
64 error If you need help, you may report this error at:
64 error     <https://github.com/npm/npm/issues>
65 verbose exit [ 1, true ]
